<?xml version="1.0" encoding="UTF-8"?>
<!-- Generated by org.testng.reporters.JUnitReportReporter -->
<testsuite hostname="LAPTOP-NJOUHRCJ" failures="0" tests="3" name="Main.Pages.Test.BrokenLinkTest" time="159.880" errors="0" timestamp="2024-09-30T21:27:28 IST" skipped="0">
  <testcase classname="Main.Pages.Test.BrokenLinkTest" name="getPageTitleTest" time="0.310"/>
  <system-out/>
  <testcase classname="Main.Pages.Test.BrokenLinkTest" name="getNumberlinksTest" time="0.327"/>
  <system-out/>
  <testcase classname="Main.Pages.Test.BrokenLinkTest" name="verifyLinksTest" time="159.243"/>
  <system-out/>
</testsuite> <!-- Main.Pages.Test.BrokenLinkTest -->
