<?xml version="1.0" encoding="UTF-8"?>
<!-- Generated by org.testng.reporters.JUnitReportReporter -->
<testsuite hostname="LAPTOP-NJOUHRCJ" failures="0" tests="2" name="Main.Pages.Test.ActionClasClickTest" time="201.868" errors="0" timestamp="2024-10-02T13:17:05 IST" skipped="0">
  <testcase classname="Main.Pages.Test.ActionClasClickTest" name="doubleClickTest" time="137.492"/>
  <system-out/>
  <testcase classname="Main.Pages.Test.ActionClasClickTest" name="rightClickTest" time="64.376"/>
  <system-out/>
</testsuite> <!-- Main.Pages.Test.ActionClasClickTest -->
