<?xml version="1.0" encoding="UTF-8"?>
<!-- Generated by org.testng.reporters.JUnitReportReporter -->
<testsuite hostname="LAPTOP-NJOUHRCJ" failures="0" tests="1" name="Main.Pages.Test.BrokenLinkTest" time="0.173" errors="0" timestamp="2024-09-28T18:48:39 IST" skipped="0">
  <testcase classname="Main.Pages.Test.BrokenLinkTest" name="getPageTitleTest" time="0.173"/>
  <system-out/>
</testsuite> <!-- Main.Pages.Test.BrokenLinkTest -->
